time="2022-01-13T18:12:03+02:00" level=info msg="Start app" func="main.main()" file="main.go:11"
time="2022-01-13T18:25:57+02:00" level=info msg="Start app" func="main.main()" file="main.go:11"
time="2022-01-13T18:26:38+02:00" level=info msg="Start app" func="main.main()" file="main.go:11"
time="2022-01-13T18:27:16+02:00" level=info msg="Start app" func="main.main()" file="main.go:11"
time="2022-01-14T11:00:31+02:00" level=info msg="Start app" func="main.main()" file="main.go:11"
time="2022-01-14T11:00:31+02:00" level=fatal msg="listen tcp :8070: bind: address already in use" func="main.main()" file="main.go:18"
time="2022-01-14T11:01:08+02:00" level=info msg="Start app" func="main.main()" file="main.go:11"
time="2022-01-30T23:36:54+02:00" level=info msg="Start app" func="main.main()" file="main.go:17"
time="2022-01-30T23:36:54+02:00" level=info msg="read application configuration" func="lets-go-chat-v2/internal/config.GetConfig.func1()" file="config.go:33"
time="2022-01-30T23:36:54+02:00" level=info func="lets-go-chat-v2/internal/config.GetConfig.func1()" file="config.go:37"
time="2022-01-30T23:36:54+02:00" level=fatal msg="open config.yml: The system cannot find the file specified." func="lets-go-chat-v2/internal/config.GetConfig.func1()" file="config.go:38"
time="2022-01-30T23:38:35+02:00" level=info msg="Start app" func="main.main()" file="main.go:17"
time="2022-01-30T23:38:52+02:00" level=info msg="read application configuration" func="lets-go-chat-v2/internal/config.GetConfig.func1()" file="config.go:33"
time="2022-01-30T23:39:25+02:00" level=info func="lets-go-chat-v2/internal/config.GetConfig.func1()" file="config.go:37"
time="2022-01-30T23:39:26+02:00" level=fatal msg="open config.yml: The system cannot find the file specified." func="lets-go-chat-v2/internal/config.GetConfig.func1()" file="config.go:38"
time="2022-01-30T23:39:42+02:00" level=info msg="Start app" func="main.main()" file="main.go:17"
time="2022-01-30T23:39:42+02:00" level=info msg="read application configuration" func="lets-go-chat-v2/internal/config.GetConfig.func1()" file="config.go:33"
time="2022-01-30T23:39:42+02:00" level=info func="lets-go-chat-v2/internal/config.GetConfig.func1()" file="config.go:37"
time="2022-01-30T23:39:42+02:00" level=fatal msg="open config.yml: The system cannot find the file specified." func="lets-go-chat-v2/internal/config.GetConfig.func1()" file="config.go:38"
time="2022-01-30T23:39:54+02:00" level=info msg="Start app" func="main.main()" file="main.go:17"
time="2022-01-30T23:39:54+02:00" level=info msg="read application configuration" func="lets-go-chat-v2/internal/config.GetConfig.func1()" file="config.go:33"
time="2022-01-30T23:39:54+02:00" level=info func="lets-go-chat-v2/internal/config.GetConfig.func1()" file="config.go:37"
time="2022-01-30T23:39:54+02:00" level=fatal msg="open config.yml: The system cannot find the file specified." func="lets-go-chat-v2/internal/config.GetConfig.func1()" file="config.go:38"
time="2022-01-30T23:41:31+02:00" level=info msg="Start app" func="main.main()" file="main.go:17"
time="2022-01-30T23:41:31+02:00" level=info msg="read application configuration" func="lets-go-chat-v2/internal/config.GetConfig.func1()" file="config.go:33"
time="2022-01-30T23:41:31+02:00" level=info func="lets-go-chat-v2/internal/config.GetConfig.func1()" file="config.go:37"
time="2022-01-30T23:41:31+02:00" level=fatal msg="open config.yml: The system cannot find the file specified." func="lets-go-chat-v2/internal/config.GetConfig.func1()" file="config.go:38"
time="2022-01-30T23:43:45+02:00" level=info msg="Start app" func="main.main()" file="main.go:17"
time="2022-01-30T23:43:45+02:00" level=info msg="read application configuration" func="lets-go-chat-v2/internal/config.GetConfig.func1()" file="config.go:33"
time="2022-01-30T23:45:28+02:00" level=info msg="Start app" func="main.main()" file="main.go:17"
time="2022-01-30T23:45:28+02:00" level=info msg="read application configuration" func="lets-go-chat-v2/internal/config.GetConfig.func1()" file="config.go:33"
time="2022-01-30T23:46:18+02:00" level=info msg="Start app" func="main.main()" file="main.go:17"
time="2022-01-30T23:46:18+02:00" level=info msg="read application configuration" func="lets-go-chat-v2/internal/config.GetConfig.func1()" file="config.go:33"
time="2022-01-30T23:55:00+02:00" level=info msg="Start app" func="main.main()" file="main.go:17"
time="2022-01-30T23:55:00+02:00" level=info msg="read application configuration" func="lets-go-chat-v2/internal/config.GetConfig.func1()" file="config.go:33"
time="2022-01-30T23:55:00+02:00" level=info msg="register users handler" func="main.main()" file="main.go:27"
time="2022-02-01T00:36:13+02:00" level=info msg="Start app" func="main.main()" file="main.go:17"
time="2022-02-01T00:36:13+02:00" level=info msg="read application configuration" func="lets-go-chat-v2/internal/config.GetConfig.func1()" file="config.go:33"
time="2022-02-01T00:36:13+02:00" level=info msg="register users handler" func="main.main()" file="main.go:27"
time="2022-02-01T02:52:34+02:00" level=info msg="Start app" func="main.main()" file="main.go:17"
time="2022-02-01T02:52:34+02:00" level=info msg="read application configuration" func="lets-go-chat-v2/internal/config.GetConfig.func1()" file="config.go:33"
time="2022-02-01T02:52:34+02:00" level=info msg="register users handler" func="main.main()" file="main.go:27"
time="2022-02-01T02:52:34+02:00" level=fatal msg="listen tcp :8070: bind: Only one usage of each socket address (protocol/network address/port) is normally permitted." func="main.main()" file="main.go:35"
time="2022-02-01T02:54:32+02:00" level=info msg="Start app" func="main.main()" file="main.go:17"
time="2022-02-01T02:54:32+02:00" level=info msg="read application configuration" func="lets-go-chat-v2/internal/config.GetConfig.func1()" file="config.go:33"
time="2022-02-01T02:54:32+02:00" level=info msg="register users handler" func="main.main()" file="main.go:27"
time="2022-02-01T02:54:32+02:00" level=fatal msg="listen tcp :8070: bind: Only one usage of each socket address (protocol/network address/port) is normally permitted." func="main.main()" file="main.go:35"
time="2022-02-01T02:55:05+02:00" level=info msg="Start app" func="main.main()" file="main.go:17"
time="2022-02-01T02:55:05+02:00" level=info msg="read application configuration" func="lets-go-chat-v2/internal/config.GetConfig.func1()" file="config.go:33"
time="2022-02-01T02:55:05+02:00" level=info msg="register users handler" func="main.main()" file="main.go:27"
time="2022-02-01T02:55:05+02:00" level=fatal msg="listen tcp :8070: bind: Only one usage of each socket address (protocol/network address/port) is normally permitted." func="main.main()" file="main.go:35"
time="2022-02-01T02:55:19+02:00" level=info msg="Start app" func="main.main()" file="main.go:17"
time="2022-02-01T02:55:19+02:00" level=info msg="read application configuration" func="lets-go-chat-v2/internal/config.GetConfig.func1()" file="config.go:33"
time="2022-02-01T02:55:19+02:00" level=info msg="register users handler" func="main.main()" file="main.go:27"
time="2022-02-01T06:10:50+02:00" level=info msg="Start app" func="main.main()" file="main.go:18"
time="2022-02-01T06:10:50+02:00" level=info msg="read application configuration" func="lets-go-chat-v2/internal/config.GetConfig.func1()" file="config.go:33"
time="2022-02-01T06:27:51+02:00" level=info msg="Start app" func="main.main()" file="main.go:17"
time="2022-02-01T06:27:51+02:00" level=info msg="read application configuration" func="lets-go-chat-v2/internal/config.GetConfig.func1()" file="config.go:33"
time="2022-02-01T06:29:15+02:00" level=info msg="Start app" func="main.main()" file="main.go:17"
time="2022-02-01T06:29:15+02:00" level=info msg="read application configuration" func="lets-go-chat-v2/internal/config.GetConfig.func1()" file="config.go:33"
time="2022-02-01T06:29:15+02:00" level=info msg="register users handler" func="main.main()" file="main.go:27"
time="2022-02-01T11:30:37+02:00" level=info msg="Start app" func="main.main()" file="main.go:17"
time="2022-02-01T11:30:37+02:00" level=info msg="read application configuration" func="lets-go-chat-v2/internal/config.GetConfig.func1()" file="config.go:33"
time="2022-02-01T11:30:37+02:00" level=info msg="register users handler" func="main.main()" file="main.go:27"
time="2022-02-01T11:31:27+02:00" level=info msg="Start app" func="main.main()" file="main.go:17"
time="2022-02-01T11:31:32+02:00" level=info msg="read application configuration" func="lets-go-chat-v2/internal/config.GetConfig.func1()" file="config.go:33"
time="2022-02-01T11:31:33+02:00" level=info msg="register users handler" func="main.main()" file="main.go:27"
time="2022-02-01T11:31:33+02:00" level=fatal msg="listen tcp :8099: bind: Only one usage of each socket address (protocol/network address/port) is normally permitted." func="main.main()" file="main.go:35"
time="2022-02-01T11:31:45+02:00" level=error msg="this was the error: %vERROR: relation \"users\" does not exist (SQLSTATE 42P01)" func="lets-go-chat-v2/internal/users/db.UserRepo.CreateUser()" file="repository.go:39"
time="2022-02-01T11:31:45+02:00" level=error msg="ERROR: relation \"users\" does not exist (SQLSTATE 42P01)" func="lets-go-chat-v2/internal/users.(*handler).CreateUser()" file="handler.go:37"
time="2022-02-01T11:40:17+02:00" level=info msg="Start app" func="main.main()" file="main.go:17"
time="2022-02-01T11:40:24+02:00" level=info msg="read application configuration" func="lets-go-chat-v2/internal/config.GetConfig.func1()" file="config.go:33"
time="2022-02-01T11:40:24+02:00" level=info msg="register users handler" func="main.main()" file="main.go:27"
time="2022-02-01T11:40:24+02:00" level=fatal msg="listen tcp :8099: bind: Only one usage of each socket address (protocol/network address/port) is normally permitted." func="main.main()" file="main.go:35"
time="2022-02-01T11:40:48+02:00" level=info msg="Start app" func="main.main()" file="main.go:17"
time="2022-02-01T11:40:48+02:00" level=info msg="read application configuration" func="lets-go-chat-v2/internal/config.GetConfig.func1()" file="config.go:33"
time="2022-02-01T11:40:52+02:00" level=info msg="register users handler" func="main.main()" file="main.go:27"
time="2022-02-01T11:40:58+02:00" level=fatal msg="listen tcp :8099: bind: Only one usage of each socket address (protocol/network address/port) is normally permitted." func="main.main()" file="main.go:35"
time="2022-02-01T11:41:45+02:00" level=info msg="Start app" func="main.main()" file="main.go:17"
time="2022-02-01T11:41:45+02:00" level=info msg="read application configuration" func="lets-go-chat-v2/internal/config.GetConfig.func1()" file="config.go:33"
time="2022-02-01T11:41:45+02:00" level=info msg="register users handler" func="main.main()" file="main.go:27"
time="2022-02-01T11:41:45+02:00" level=fatal msg="listen tcp :8099: bind: Only one usage of each socket address (protocol/network address/port) is normally permitted." func="main.main()" file="main.go:35"
time="2022-02-01T11:42:43+02:00" level=info msg="Start app" func="main.main()" file="main.go:17"
time="2022-02-01T11:42:43+02:00" level=info msg="read application configuration" func="lets-go-chat-v2/internal/config.GetConfig.func1()" file="config.go:33"
time="2022-02-01T11:42:43+02:00" level=info msg="register users handler" func="main.main()" file="main.go:27"
time="2022-02-01T11:43:43+02:00" level=info msg="Start app" func="main.main()" file="main.go:17"
time="2022-02-01T11:43:43+02:00" level=info msg="read application configuration" func="lets-go-chat-v2/internal/config.GetConfig.func1()" file="config.go:33"
time="2022-02-01T11:43:48+02:00" level=info msg="register users handler" func="main.main()" file="main.go:27"
time="2022-02-01T11:44:45+02:00" level=error msg="this was the error: %vERROR: relation \"users\" does not exist (SQLSTATE 42P01)" func="lets-go-chat-v2/internal/users/db.UserRepo.CreateUser()" file="repository.go:39"
time="2022-02-01T11:44:54+02:00" level=error msg="ERROR: relation \"users\" does not exist (SQLSTATE 42P01)" func="lets-go-chat-v2/internal/users.(*handler).CreateUser()" file="handler.go:37"
time="2022-02-01T11:47:07+02:00" level=error msg="this was the error: %vERROR: relation \"users\" does not exist (SQLSTATE 42P01)" func="lets-go-chat-v2/internal/users/db.UserRepo.CreateUser()" file="repository.go:39"
time="2022-02-01T11:48:57+02:00" level=info msg="Start app" func="main.main()" file="main.go:17"
time="2022-02-01T11:48:57+02:00" level=info msg="read application configuration" func="lets-go-chat-v2/internal/config.GetConfig.func1()" file="config.go:33"
time="2022-02-01T11:48:57+02:00" level=info msg="register users handler" func="main.main()" file="main.go:27"
time="2022-02-01T11:54:37+02:00" level=error msg="this was the error: %vERROR: relation \"users\" does not exist (SQLSTATE 42P01)" func="lets-go-chat-v2/internal/users/db.UserRepo.CreateUser()" file="repository.go:39"
time="2022-02-01T11:54:39+02:00" level=error msg="ERROR: relation \"users\" does not exist (SQLSTATE 42P01)" func="lets-go-chat-v2/internal/users.(*handler).CreateUser()" file="handler.go:37"
time="2022-02-01T11:56:24+02:00" level=info msg="Start app" func="main.main()" file="main.go:17"
time="2022-02-01T11:56:24+02:00" level=info msg="read application configuration" func="lets-go-chat-v2/internal/config.GetConfig.func1()" file="config.go:33"
time="2022-02-01T11:56:24+02:00" level=info msg="register users handler" func="main.main()" file="main.go:27"
time="2022-02-01T11:58:35+02:00" level=error msg="this was the error: %vERROR: relation \"users\" does not exist (SQLSTATE 42P01)" func="lets-go-chat-v2/internal/users/db.UserRepo.CreateUser()" file="repository.go:41"
time="2022-02-01T11:58:35+02:00" level=error msg="ERROR: relation \"users\" does not exist (SQLSTATE 42P01)" func="lets-go-chat-v2/internal/users.(*handler).CreateUser()" file="handler.go:37"
time="2022-02-01T11:58:48+02:00" level=error msg="this was the error: %vERROR: relation \"users\" does not exist (SQLSTATE 42P01)" func="lets-go-chat-v2/internal/users/db.UserRepo.CreateUser()" file="repository.go:41"
time="2022-02-01T11:58:51+02:00" level=error msg="ERROR: relation \"users\" does not exist (SQLSTATE 42P01)" func="lets-go-chat-v2/internal/users.(*handler).CreateUser()" file="handler.go:37"
time="2022-02-01T12:13:12+02:00" level=error msg="this was the error: %vERROR: relation \"users\" does not exist (SQLSTATE 42P01)" func="lets-go-chat-v2/internal/users/db.UserRepo.CreateUser()" file="repository.go:41"
time="2022-02-01T12:13:12+02:00" level=error msg="ERROR: relation \"users\" does not exist (SQLSTATE 42P01)" func="lets-go-chat-v2/internal/users.(*handler).CreateUser()" file="handler.go:37"
time="2022-02-01T12:15:18+02:00" level=error msg="this was the error: %vERROR: relation \"users\" does not exist (SQLSTATE 42P01)" func="lets-go-chat-v2/internal/users/db.UserRepo.CreateUser()" file="repository.go:41"
time="2022-02-01T12:23:59+02:00" level=error msg="ERROR: relation \"users\" does not exist (SQLSTATE 42P01)" func="lets-go-chat-v2/internal/users.(*handler).CreateUser()" file="handler.go:37"
time="2022-02-01T12:24:12+02:00" level=info msg="Start app" func="main.main()" file="main.go:17"
time="2022-02-01T12:24:12+02:00" level=info msg="read application configuration" func="lets-go-chat-v2/internal/config.GetConfig.func1()" file="config.go:33"
time="2022-02-01T12:24:12+02:00" level=info msg="register users handler" func="main.main()" file="main.go:27"
time="2022-02-01T12:24:33+02:00" level=trace msg="SQL Query: INSERT INTO users ( id , name , hash) VALUES ($1, $2, $3) RETURNING $1, $2" func="lets-go-chat-v2/internal/users/db.UserRepo.CreateUser()" file="repository.go:44"
time="2022-02-01T12:24:33+02:00" level=error msg="SQL Error: relation \"users\" does not exist, Detail: , Where: , Code: 42P01, SQLState: 42P01" func="lets-go-chat-v2/internal/users/db.UserRepo.CreateUser()" file="repository.go:51"
time="2022-02-01T12:28:30+02:00" level=info msg="Start app" func="main.main()" file="main.go:17"
time="2022-02-01T12:28:30+02:00" level=info msg="read application configuration" func="lets-go-chat-v2/internal/config.GetConfig.func1()" file="config.go:33"
time="2022-02-01T12:28:31+02:00" level=info msg="register users handler" func="main.main()" file="main.go:27"
time="2022-02-01T12:28:48+02:00" level=trace msg="SQL Query: INSERT INTO users ( id , name , hash) VALUES ($1, $2, $3) RETURNING $1, $2" func="lets-go-chat-v2/internal/users/db.UserRepo.CreateUser()" file="repository.go:44"
time="2022-02-01T12:52:56+02:00" level=info msg="Start app" func="main.main()" file="main.go:17"
time="2022-02-01T12:52:56+02:00" level=info msg="read application configuration" func="lets-go-chat-v2/internal/config.GetConfig.func1()" file="config.go:33"
time="2022-02-01T12:52:56+02:00" level=info msg="register users handler" func="main.main()" file="main.go:27"
time="2022-02-01T12:55:52+02:00" level=info msg="Start app" func="main.main()" file="main.go:17"
time="2022-02-01T12:55:52+02:00" level=info msg="read application configuration" func="lets-go-chat-v2/internal/config.GetConfig.func1()" file="config.go:33"
time="2022-02-01T12:55:52+02:00" level=info msg="register users handler" func="main.main()" file="main.go:27"
time="2022-02-01T12:59:09+02:00" level=info msg="Start app" func="main.main()" file="main.go:17"
time="2022-02-01T12:59:09+02:00" level=info msg="read application configuration" func="lets-go-chat-v2/internal/config.GetConfig.func1()" file="config.go:33"
time="2022-02-01T12:59:09+02:00" level=info msg="register users handler" func="main.main()" file="main.go:27"
time="2022-02-01T12:59:52+02:00" level=trace msg="SQL Query: INSERT INTO users ( id , name , hash) VALUES ($1, $2, $3) RETURNING $1, $2" func="lets-go-chat-v2/internal/users/db.UserRepo.CreateUser()" file="repository.go:44"
time="2022-02-01T13:00:16+02:00" level=trace msg="SQL Query: INSERT INTO users ( id , name , hash) VALUES ($1, $2, $3) RETURNING $1, $2" func="lets-go-chat-v2/internal/users/db.UserRepo.CreateUser()" file="repository.go:44"
time="2022-02-01T13:30:50+02:00" level=info msg="Start app" func="main.main()" file="main.go:17"
time="2022-02-01T13:30:50+02:00" level=info msg="read application configuration" func="lets-go-chat-v2/internal/config.GetConfig.func1()" file="config.go:33"
time="2022-02-01T13:30:50+02:00" level=info msg="register users handler" func="main.main()" file="main.go:27"
time="2022-02-01T13:31:11+02:00" level=trace msg="SQL Query: INSERT INTO users ( id , name , hash) VALUES ($1, $2, $3) RETURNING $1, $2" func="lets-go-chat-v2/internal/users/db.UserRepo.CreateUser()" file="repository.go:44"
time="2022-02-01T13:38:41+02:00" level=info msg="Start app" func="main.main()" file="main.go:17"
time="2022-02-01T13:38:42+02:00" level=info msg="read application configuration" func="lets-go-chat-v2/internal/config.GetConfig.func1()" file="config.go:33"
time="2022-02-01T13:38:42+02:00" level=info msg="register users handler" func="main.main()" file="main.go:27"
time="2022-02-01T13:38:50+02:00" level=trace msg="SQL Query: INSERT INTO users ( id , name , hash) VALUES ($1, $2, $3) RETURNING $1, $2" func="lets-go-chat-v2/internal/users/db.UserRepo.CreateUser()" file="repository.go:44"
time="2022-02-01T13:41:06+02:00" level=info msg="Start app" func="main.main()" file="main.go:17"
time="2022-02-01T13:41:06+02:00" level=info msg="read application configuration" func="lets-go-chat-v2/internal/config.GetConfig.func1()" file="config.go:33"
time="2022-02-01T13:41:06+02:00" level=info msg="register users handler" func="main.main()" file="main.go:27"
time="2022-02-01T13:41:14+02:00" level=error msg="Key: 'CreateUserRequest.Password' Error:Field validation for 'Password' failed on the 'min' tag" func="lets-go-chat-v2/internal/users.(*handler).CreateUser()" file="handler.go:32"
time="2022-02-01T13:41:40+02:00" level=error msg="Key: 'CreateUserRequest.UserName' Error:Field validation for 'UserName' failed on the 'min' tag\nKey: 'CreateUserRequest.Password' Error:Field validation for 'Password' failed on the 'min' tag" func="lets-go-chat-v2/internal/users.(*handler).CreateUser()" file="handler.go:32"
time="2022-02-01T14:26:15+02:00" level=info msg="Start app" func="main.main()" file="main.go:17"
time="2022-02-01T14:26:15+02:00" level=info msg="read application configuration" func="lets-go-chat-v2/internal/config.GetConfig.func1()" file="config.go:33"
time="2022-02-01T14:26:15+02:00" level=info msg="register users handler" func="main.main()" file="main.go:27"
time="2022-02-01T15:53:41+02:00" level=info msg="Start app" func="main.main()" file="main.go:17"
time="2022-02-01T15:53:41+02:00" level=info msg="read application configuration" func="lets-go-chat-v2/internal/config.GetConfig.func1()" file="config.go:33"
time="2022-02-01T15:53:41+02:00" level=info msg="register users handler" func="main.main()" file="main.go:27"
time="2022-02-01T15:55:11+02:00" level=info msg="Start app" func="main.main()" file="main.go:17"
time="2022-02-01T15:55:11+02:00" level=info msg="read application configuration" func="lets-go-chat-v2/internal/config.GetConfig.func1()" file="config.go:33"
time="2022-02-01T15:55:11+02:00" level=info msg="register users handler" func="main.main()" file="main.go:27"
time="2022-02-01T15:55:30+02:00" level=trace msg="SQL Query: SELECT id, name FROM public.users where name = $1" func="lets-go-chat-v2/internal/users/db.UserRepo.GetUser()" file="repository.go:59"
time="2022-02-01T15:55:37+02:00" level=error msg="<nil>" func="lets-go-chat-v2/internal/users.(*handler).CreateUser()" file="handler.go:38"
time="2022-02-01T15:56:39+02:00" level=trace msg="SQL Query: SELECT id, name FROM public.users where name = $1" func="lets-go-chat-v2/internal/users/db.UserRepo.GetUser()" file="repository.go:59"
time="2022-02-01T16:36:06+02:00" level=info msg="Start app" func="main.main()" file="main.go:17"
time="2022-02-01T16:36:06+02:00" level=info msg="read application configuration" func="lets-go-chat-v2/internal/config.GetConfig.func1()" file="config.go:33"
time="2022-02-01T16:36:06+02:00" level=info msg="register users handler" func="main.main()" file="main.go:27"
time="2022-02-01T16:36:12+02:00" level=trace msg="SQL Query: SELECT id, name FROM public.users where name = $1" func="lets-go-chat-v2/internal/users/db.UserRepo.GetUser()" file="repository.go:59"
time="2022-02-01T16:36:12+02:00" level=trace msg="SQL Query: INSERT INTO users ( id , name , hash) VALUES ($1, $2, $3) RETURNING $1, $2" func="lets-go-chat-v2/internal/users/db.UserRepo.CreateUser()" file="repository.go:43"
time="2022-02-01T16:36:18+02:00" level=trace msg="SQL Query: SELECT id, name FROM public.users where name = $1" func="lets-go-chat-v2/internal/users/db.UserRepo.GetUser()" file="repository.go:59"
